<?xml version="1.0" encoding="UTF-8"?>
<testsuite xmlns:xsi="http://www.w3.org/2001/XMLSchema-instance" xsi:noNamespaceSchemaLocation="https://maven.apache.org/surefire/maven-surefire-plugin/xsd/surefire-test-report.xsd" name="blf.ValidatorSyntaxTest" time="0.22" tests="5" errors="0" skipped="0" failures="0">
  <properties>
    <property name="java.specification.version" value="17"/>
    <property name="sun.jnu.encoding" value="UTF-8"/>
    <property name="java.class.path" value="/Users/LucasD/Documents/Studium-München/WS2021/MA/Blockchain-Logging-Framework/target/test-classes:/Users/LucasD/Documents/Studium-München/WS2021/MA/Blockchain-Logging-Framework/target/classes:/Users/LucasD/.m2/repository/com/fasterxml/jackson/core/jackson-databind/2.10.1/jackson-databind-2.10.1.jar:/Users/LucasD/.m2/repository/com/fasterxml/jackson/core/jackson-annotations/2.10.1/jackson-annotations-2.10.1.jar:/Users/LucasD/.m2/repository/com/fasterxml/jackson/core/jackson-core/2.10.1/jackson-core-2.10.1.jar:/Users/LucasD/.m2/repository/org/antlr/antlr4-runtime/4.7.2/antlr4-runtime-4.7.2.jar:/Users/LucasD/.m2/repository/org/web3j/core/4.5.5/core-4.5.5.jar:/Users/LucasD/.m2/repository/org/web3j/crypto/4.5.5/crypto-4.5.5.jar:/Users/LucasD/.m2/repository/org/web3j/rlp/4.5.5/rlp-4.5.5.jar:/Users/LucasD/.m2/repository/org/web3j/tuples/4.5.5/tuples-4.5.5.jar:/Users/LucasD/.m2/repository/com/github/jnr/jnr-unixsocket/0.21/jnr-unixsocket-0.21.jar:/Users/LucasD/.m2/repository/com/github/jnr/jnr-ffi/2.1.9/jnr-ffi-2.1.9.jar:/Users/LucasD/.m2/repository/com/github/jnr/jffi/1.2.17/jffi-1.2.17.jar:/Users/LucasD/.m2/repository/com/github/jnr/jffi/1.2.16/jffi-1.2.16-native.jar:/Users/LucasD/.m2/repository/org/ow2/asm/asm/5.0.3/asm-5.0.3.jar:/Users/LucasD/.m2/repository/org/ow2/asm/asm-commons/5.0.3/asm-commons-5.0.3.jar:/Users/LucasD/.m2/repository/org/ow2/asm/asm-analysis/5.0.3/asm-analysis-5.0.3.jar:/Users/LucasD/.m2/repository/org/ow2/asm/asm-tree/5.0.3/asm-tree-5.0.3.jar:/Users/LucasD/.m2/repository/org/ow2/asm/asm-util/5.0.3/asm-util-5.0.3.jar:/Users/LucasD/.m2/repository/com/github/jnr/jnr-a64asm/1.0.0/jnr-a64asm-1.0.0.jar:/Users/LucasD/.m2/repository/com/github/jnr/jnr-x86asm/1.0.2/jnr-x86asm-1.0.2.jar:/Users/LucasD/.m2/repository/com/github/jnr/jnr-constants/0.9.11/jnr-constants-0.9.11.jar:/Users/LucasD/.m2/repository/com/github/jnr/jnr-enxio/0.19/jnr-enxio-0.19.jar:/Users/LucasD/.m2/repository/com/github/jnr/jnr-posix/3.0.47/jnr-posix-3.0.47.jar:/Users/LucasD/.m2/repository/com/squareup/okhttp3/okhttp/3.8.1/okhttp-3.8.1.jar:/Users/LucasD/.m2/repository/com/squareup/okio/okio/1.13.0/okio-1.13.0.jar:/Users/LucasD/.m2/repository/com/squareup/okhttp3/logging-interceptor/3.8.1/logging-interceptor-3.8.1.jar:/Users/LucasD/.m2/repository/io/reactivex/rxjava2/rxjava/2.2.2/rxjava-2.2.2.jar:/Users/LucasD/.m2/repository/org/reactivestreams/reactive-streams/1.0.2/reactive-streams-1.0.2.jar:/Users/LucasD/.m2/repository/org/java-websocket/Java-WebSocket/1.3.8/Java-WebSocket-1.3.8.jar:/Users/LucasD/.m2/repository/org/slf4j/slf4j-api/1.7.25/slf4j-api-1.7.25.jar:/Users/LucasD/.m2/repository/org/web3j/abi/4.5.5/abi-4.5.5.jar:/Users/LucasD/.m2/repository/org/web3j/utils/4.5.5/utils-4.5.5.jar:/Users/LucasD/.m2/repository/ch/qos/logback/logback-classic/1.2.3/logback-classic-1.2.3.jar:/Users/LucasD/.m2/repository/ch/qos/logback/logback-core/1.2.3/logback-core-1.2.3.jar:/Users/LucasD/.m2/repository/org/deckfour/open-xes/1.0/open-xes-1.0.jar:/Users/LucasD/.m2/repository/org/deckfour/spex/1.0/spex-1.0.jar:/Users/LucasD/.m2/repository/javax/xml/bind/jaxb-api/2.3.1/jaxb-api-2.3.1.jar:/Users/LucasD/.m2/repository/javax/activation/javax.activation-api/1.2.0/javax.activation-api-1.2.0.jar:/Users/LucasD/.m2/repository/org/json/json/20201115/json-20201115.jar:/Users/LucasD/.m2/repository/org/junit/jupiter/junit-jupiter-api/5.7.0/junit-jupiter-api-5.7.0.jar:/Users/LucasD/.m2/repository/org/apiguardian/apiguardian-api/1.1.0/apiguardian-api-1.1.0.jar:/Users/LucasD/.m2/repository/org/opentest4j/opentest4j/1.2.0/opentest4j-1.2.0.jar:/Users/LucasD/.m2/repository/org/junit/platform/junit-platform-commons/1.7.0/junit-platform-commons-1.7.0.jar:/Users/LucasD/.m2/repository/org/junit/jupiter/junit-jupiter-engine/5.7.0/junit-jupiter-engine-5.7.0.jar:/Users/LucasD/.m2/repository/org/junit/platform/junit-platform-engine/1.7.0/junit-platform-engine-1.7.0.jar:/Users/LucasD/.m2/repository/org/junit/jupiter/junit-jupiter-params/5.7.0/junit-jupiter-params-5.7.0.jar:/Users/LucasD/.m2/repository/org/mockito/mockito-core/3.7.7/mockito-core-3.7.7.jar:/Users/LucasD/.m2/repository/net/bytebuddy/byte-buddy/1.10.19/byte-buddy-1.10.19.jar:/Users/LucasD/.m2/repository/net/bytebuddy/byte-buddy-agent/1.10.19/byte-buddy-agent-1.10.19.jar:/Users/LucasD/.m2/repository/org/objenesis/objenesis/3.1/objenesis-3.1.jar:/Users/LucasD/.m2/repository/org/hyperledger/fabric/fabric-gateway-java/2.2.0/fabric-gateway-java-2.2.0.jar:/Users/LucasD/.m2/repository/org/hyperledger/fabric-sdk-java/fabric-sdk-java/2.2.13/fabric-sdk-java-2.2.13.jar:/Users/LucasD/.m2/repository/io/netty/netty-tcnative-boringssl-static/2.0.47.Final/netty-tcnative-boringssl-static-2.0.47.Final.jar:/Users/LucasD/.m2/repository/io/netty/netty-tcnative-classes/2.0.47.Final/netty-tcnative-classes-2.0.47.Final.jar:/Users/LucasD/.m2/repository/io/grpc/grpc-netty-shaded/1.43.2/grpc-netty-shaded-1.43.2.jar:/Users/LucasD/.m2/repository/com/google/guava/guava/30.1.1-android/guava-30.1.1-android.jar:/Users/LucasD/.m2/repository/com/google/guava/failureaccess/1.0.1/failureaccess-1.0.1.jar:/Users/LucasD/.m2/repository/com/google/guava/listenablefuture/9999.0-empty-to-avoid-conflict-with-guava/listenablefuture-9999.0-empty-to-avoid-conflict-with-guava.jar:/Users/LucasD/.m2/repository/org/checkerframework/checker-compat-qual/2.5.5/checker-compat-qual-2.5.5.jar:/Users/LucasD/.m2/repository/com/google/errorprone/error_prone_annotations/2.9.0/error_prone_annotations-2.9.0.jar:/Users/LucasD/.m2/repository/io/perfmark/perfmark-api/0.23.0/perfmark-api-0.23.0.jar:/Users/LucasD/.m2/repository/io/grpc/grpc-core/1.43.2/grpc-core-1.43.2.jar:/Users/LucasD/.m2/repository/com/google/android/annotations/4.1.1.4/annotations-4.1.1.4.jar:/Users/LucasD/.m2/repository/org/codehaus/mojo/animal-sniffer-annotations/1.19/animal-sniffer-annotations-1.19.jar:/Users/LucasD/.m2/repository/io/grpc/grpc-protobuf/1.43.2/grpc-protobuf-1.43.2.jar:/Users/LucasD/.m2/repository/io/grpc/grpc-api/1.43.2/grpc-api-1.43.2.jar:/Users/LucasD/.m2/repository/io/grpc/grpc-context/1.43.2/grpc-context-1.43.2.jar:/Users/LucasD/.m2/repository/com/google/code/findbugs/jsr305/3.0.2/jsr305-3.0.2.jar:/Users/LucasD/.m2/repository/com/google/api/grpc/proto-google-common-protos/2.0.1/proto-google-common-protos-2.0.1.jar:/Users/LucasD/.m2/repository/io/grpc/grpc-protobuf-lite/1.43.2/grpc-protobuf-lite-1.43.2.jar:/Users/LucasD/.m2/repository/io/grpc/grpc-stub/1.43.2/grpc-stub-1.43.2.jar:/Users/LucasD/.m2/repository/com/google/protobuf/protobuf-java/3.19.2/protobuf-java-3.19.2.jar:/Users/LucasD/.m2/repository/com/google/protobuf/protobuf-java-util/3.19.2/protobuf-java-util-3.19.2.jar:/Users/LucasD/.m2/repository/com/google/j2objc/j2objc-annotations/1.3/j2objc-annotations-1.3.jar:/Users/LucasD/.m2/repository/org/bouncycastle/bcpkix-jdk15on/1.70/bcpkix-jdk15on-1.70.jar:/Users/LucasD/.m2/repository/org/bouncycastle/bcutil-jdk15on/1.70/bcutil-jdk15on-1.70.jar:/Users/LucasD/.m2/repository/commons-logging/commons-logging/1.2/commons-logging-1.2.jar:/Users/LucasD/.m2/repository/commons-cli/commons-cli/1.5.0/commons-cli-1.5.0.jar:/Users/LucasD/.m2/repository/org/apache/commons/commons-compress/1.21/commons-compress-1.21.jar:/Users/LucasD/.m2/repository/commons-io/commons-io/2.11.0/commons-io-2.11.0.jar:/Users/LucasD/.m2/repository/org/apache/logging/log4j/log4j-core/2.17.1/log4j-core-2.17.1.jar:/Users/LucasD/.m2/repository/org/apache/logging/log4j/log4j-api/2.17.1/log4j-api-2.17.1.jar:/Users/LucasD/.m2/repository/org/apache/logging/log4j/log4j-1.2-api/2.17.1/log4j-1.2-api-2.17.1.jar:/Users/LucasD/.m2/repository/org/apache/httpcomponents/httpclient/4.5.13/httpclient-4.5.13.jar:/Users/LucasD/.m2/repository/org/apache/httpcomponents/httpcore/4.4.13/httpcore-4.4.13.jar:/Users/LucasD/.m2/repository/com/spotify/futures-extra/4.3.1/futures-extra-4.3.1.jar:/Users/LucasD/.m2/repository/com/google/api/api-common/2.1.2/api-common-2.1.2.jar:/Users/LucasD/.m2/repository/com/google/auto/value/auto-value-annotations/1.9/auto-value-annotations-1.9.jar:/Users/LucasD/.m2/repository/org/glassfish/javax.json/1.1.4/javax.json-1.1.4.jar:/Users/LucasD/.m2/repository/org/miracl/milagro/amcl/milagro-crypto-java/0.4.0/milagro-crypto-java-0.4.0.jar:/Users/LucasD/.m2/repository/org/apache/commons/commons-math3/3.6.1/commons-math3-3.6.1.jar:/Users/LucasD/.m2/repository/javax/annotation/javax.annotation-api/1.3.2/javax.annotation-api-1.3.2.jar:/Users/LucasD/.m2/repository/io/opentelemetry/opentelemetry-api/1.12.0/opentelemetry-api-1.12.0.jar:/Users/LucasD/.m2/repository/io/opentelemetry/opentelemetry-context/1.12.0/opentelemetry-context-1.12.0.jar:/Users/LucasD/.m2/repository/io/opentelemetry/opentelemetry-sdk/1.12.0/opentelemetry-sdk-1.12.0.jar:/Users/LucasD/.m2/repository/io/opentelemetry/opentelemetry-sdk-common/1.12.0/opentelemetry-sdk-common-1.12.0.jar:/Users/LucasD/.m2/repository/io/opentelemetry/opentelemetry-sdk-metrics/1.12.0-alpha/opentelemetry-sdk-metrics-1.12.0-alpha.jar:/Users/LucasD/.m2/repository/io/opentelemetry/opentelemetry-sdk-logs/1.12.0-alpha/opentelemetry-sdk-logs-1.12.0-alpha.jar:/Users/LucasD/.m2/repository/io/opentelemetry/opentelemetry-sdk-trace/1.12.0/opentelemetry-sdk-trace-1.12.0.jar:/Users/LucasD/.m2/repository/io/opentelemetry/opentelemetry-semconv/1.12.0-alpha/opentelemetry-semconv-1.12.0-alpha.jar:/Users/LucasD/.m2/repository/io/opentelemetry/opentelemetry-exporter-otlp/1.12.0/opentelemetry-exporter-otlp-1.12.0.jar:/Users/LucasD/.m2/repository/io/opentelemetry/opentelemetry-exporter-otlp-trace/1.12.0/opentelemetry-exporter-otlp-trace-1.12.0.jar:/Users/LucasD/.m2/repository/io/opentelemetry/opentelemetry-exporter-otlp-common/1.12.0/opentelemetry-exporter-otlp-common-1.12.0.jar:/Users/LucasD/.m2/repository/io/opentelemetry/opentelemetry-extension-trace-propagators/1.12.0/opentelemetry-extension-trace-propagators-1.12.0.jar:/Users/LucasD/.m2/repository/io/opentelemetry/opentelemetry-sdk-extension-autoconfigure/1.12.0-alpha/opentelemetry-sdk-extension-autoconfigure-1.12.0-alpha.jar:/Users/LucasD/.m2/repository/io/opentelemetry/opentelemetry-sdk-extension-autoconfigure-spi/1.12.0/opentelemetry-sdk-extension-autoconfigure-spi-1.12.0.jar:/Users/LucasD/.m2/repository/io/opentelemetry/instrumentation/opentelemetry-grpc-1.6/1.12.0-alpha/opentelemetry-grpc-1.6-1.12.0-alpha.jar:/Users/LucasD/.m2/repository/io/opentelemetry/instrumentation/opentelemetry-instrumentation-api/1.12.0-alpha/opentelemetry-instrumentation-api-1.12.0-alpha.jar:/Users/LucasD/.m2/repository/io/opentelemetry/opentelemetry-proto/1.7.1-alpha/opentelemetry-proto-1.7.1-alpha.jar:/Users/LucasD/.m2/repository/commons-codec/commons-codec/1.14/commons-codec-1.14.jar:/Users/LucasD/.m2/repository/com/cloudant/cloudant-client/2.19.0/cloudant-client-2.19.0.jar:/Users/LucasD/.m2/repository/com/google/code/gson/gson/2.8.2/gson-2.8.2.jar:/Users/LucasD/.m2/repository/com/cloudant/cloudant-http/2.19.0/cloudant-http-2.19.0.jar:/Users/LucasD/.m2/repository/org/bouncycastle/bcprov-jdk15on/1.69/bcprov-jdk15on-1.69.jar:/Users/LucasD/.m2/repository/org/yaml/snakeyaml/1.26/snakeyaml-1.26.jar:"/>
    <property name="java.vm.vendor" value="Eclipse Adoptium"/>
    <property name="sun.arch.data.model" value="64"/>
    <property name="java.vendor.url" value="https://adoptium.net/"/>
    <property name="os.name" value="Mac OS X"/>
    <property name="java.vm.specification.version" value="17"/>
    <property name="sun.java.launcher" value="SUN_STANDARD"/>
    <property name="user.country" value="US"/>
    <property name="sun.boot.library.path" value="/Library/Java/JavaVirtualMachines/temurin-17.jdk/Contents/Home/lib"/>
    <property name="sun.java.command" value="/Users/LucasD/Documents/Studium-München/WS2021/MA/Blockchain-Logging-Framework/target/surefire/surefirebooter6402170198274746673.jar /Users/LucasD/Documents/Studium-München/WS2021/MA/Blockchain-Logging-Framework/target/surefire 2022-04-24T18-15-31_227-jvmRun1 surefire6356690099385050304tmp surefire_04761072452714202218tmp"/>
    <property name="http.nonProxyHosts" value="local|*.local|169.254/16|*.169.254/16"/>
    <property name="jdk.debug" value="release"/>
    <property name="surefire.test.class.path" value="/Users/LucasD/Documents/Studium-München/WS2021/MA/Blockchain-Logging-Framework/target/test-classes:/Users/LucasD/Documents/Studium-München/WS2021/MA/Blockchain-Logging-Framework/target/classes:/Users/LucasD/.m2/repository/com/fasterxml/jackson/core/jackson-databind/2.10.1/jackson-databind-2.10.1.jar:/Users/LucasD/.m2/repository/com/fasterxml/jackson/core/jackson-annotations/2.10.1/jackson-annotations-2.10.1.jar:/Users/LucasD/.m2/repository/com/fasterxml/jackson/core/jackson-core/2.10.1/jackson-core-2.10.1.jar:/Users/LucasD/.m2/repository/org/antlr/antlr4-runtime/4.7.2/antlr4-runtime-4.7.2.jar:/Users/LucasD/.m2/repository/org/web3j/core/4.5.5/core-4.5.5.jar:/Users/LucasD/.m2/repository/org/web3j/crypto/4.5.5/crypto-4.5.5.jar:/Users/LucasD/.m2/repository/org/web3j/rlp/4.5.5/rlp-4.5.5.jar:/Users/LucasD/.m2/repository/org/web3j/tuples/4.5.5/tuples-4.5.5.jar:/Users/LucasD/.m2/repository/com/github/jnr/jnr-unixsocket/0.21/jnr-unixsocket-0.21.jar:/Users/LucasD/.m2/repository/com/github/jnr/jnr-ffi/2.1.9/jnr-ffi-2.1.9.jar:/Users/LucasD/.m2/repository/com/github/jnr/jffi/1.2.17/jffi-1.2.17.jar:/Users/LucasD/.m2/repository/com/github/jnr/jffi/1.2.16/jffi-1.2.16-native.jar:/Users/LucasD/.m2/repository/org/ow2/asm/asm/5.0.3/asm-5.0.3.jar:/Users/LucasD/.m2/repository/org/ow2/asm/asm-commons/5.0.3/asm-commons-5.0.3.jar:/Users/LucasD/.m2/repository/org/ow2/asm/asm-analysis/5.0.3/asm-analysis-5.0.3.jar:/Users/LucasD/.m2/repository/org/ow2/asm/asm-tree/5.0.3/asm-tree-5.0.3.jar:/Users/LucasD/.m2/repository/org/ow2/asm/asm-util/5.0.3/asm-util-5.0.3.jar:/Users/LucasD/.m2/repository/com/github/jnr/jnr-a64asm/1.0.0/jnr-a64asm-1.0.0.jar:/Users/LucasD/.m2/repository/com/github/jnr/jnr-x86asm/1.0.2/jnr-x86asm-1.0.2.jar:/Users/LucasD/.m2/repository/com/github/jnr/jnr-constants/0.9.11/jnr-constants-0.9.11.jar:/Users/LucasD/.m2/repository/com/github/jnr/jnr-enxio/0.19/jnr-enxio-0.19.jar:/Users/LucasD/.m2/repository/com/github/jnr/jnr-posix/3.0.47/jnr-posix-3.0.47.jar:/Users/LucasD/.m2/repository/com/squareup/okhttp3/okhttp/3.8.1/okhttp-3.8.1.jar:/Users/LucasD/.m2/repository/com/squareup/okio/okio/1.13.0/okio-1.13.0.jar:/Users/LucasD/.m2/repository/com/squareup/okhttp3/logging-interceptor/3.8.1/logging-interceptor-3.8.1.jar:/Users/LucasD/.m2/repository/io/reactivex/rxjava2/rxjava/2.2.2/rxjava-2.2.2.jar:/Users/LucasD/.m2/repository/org/reactivestreams/reactive-streams/1.0.2/reactive-streams-1.0.2.jar:/Users/LucasD/.m2/repository/org/java-websocket/Java-WebSocket/1.3.8/Java-WebSocket-1.3.8.jar:/Users/LucasD/.m2/repository/org/slf4j/slf4j-api/1.7.25/slf4j-api-1.7.25.jar:/Users/LucasD/.m2/repository/org/web3j/abi/4.5.5/abi-4.5.5.jar:/Users/LucasD/.m2/repository/org/web3j/utils/4.5.5/utils-4.5.5.jar:/Users/LucasD/.m2/repository/ch/qos/logback/logback-classic/1.2.3/logback-classic-1.2.3.jar:/Users/LucasD/.m2/repository/ch/qos/logback/logback-core/1.2.3/logback-core-1.2.3.jar:/Users/LucasD/.m2/repository/org/deckfour/open-xes/1.0/open-xes-1.0.jar:/Users/LucasD/.m2/repository/org/deckfour/spex/1.0/spex-1.0.jar:/Users/LucasD/.m2/repository/javax/xml/bind/jaxb-api/2.3.1/jaxb-api-2.3.1.jar:/Users/LucasD/.m2/repository/javax/activation/javax.activation-api/1.2.0/javax.activation-api-1.2.0.jar:/Users/LucasD/.m2/repository/org/json/json/20201115/json-20201115.jar:/Users/LucasD/.m2/repository/org/junit/jupiter/junit-jupiter-api/5.7.0/junit-jupiter-api-5.7.0.jar:/Users/LucasD/.m2/repository/org/apiguardian/apiguardian-api/1.1.0/apiguardian-api-1.1.0.jar:/Users/LucasD/.m2/repository/org/opentest4j/opentest4j/1.2.0/opentest4j-1.2.0.jar:/Users/LucasD/.m2/repository/org/junit/platform/junit-platform-commons/1.7.0/junit-platform-commons-1.7.0.jar:/Users/LucasD/.m2/repository/org/junit/jupiter/junit-jupiter-engine/5.7.0/junit-jupiter-engine-5.7.0.jar:/Users/LucasD/.m2/repository/org/junit/platform/junit-platform-engine/1.7.0/junit-platform-engine-1.7.0.jar:/Users/LucasD/.m2/repository/org/junit/jupiter/junit-jupiter-params/5.7.0/junit-jupiter-params-5.7.0.jar:/Users/LucasD/.m2/repository/org/mockito/mockito-core/3.7.7/mockito-core-3.7.7.jar:/Users/LucasD/.m2/repository/net/bytebuddy/byte-buddy/1.10.19/byte-buddy-1.10.19.jar:/Users/LucasD/.m2/repository/net/bytebuddy/byte-buddy-agent/1.10.19/byte-buddy-agent-1.10.19.jar:/Users/LucasD/.m2/repository/org/objenesis/objenesis/3.1/objenesis-3.1.jar:/Users/LucasD/.m2/repository/org/hyperledger/fabric/fabric-gateway-java/2.2.0/fabric-gateway-java-2.2.0.jar:/Users/LucasD/.m2/repository/org/hyperledger/fabric-sdk-java/fabric-sdk-java/2.2.13/fabric-sdk-java-2.2.13.jar:/Users/LucasD/.m2/repository/io/netty/netty-tcnative-boringssl-static/2.0.47.Final/netty-tcnative-boringssl-static-2.0.47.Final.jar:/Users/LucasD/.m2/repository/io/netty/netty-tcnative-classes/2.0.47.Final/netty-tcnative-classes-2.0.47.Final.jar:/Users/LucasD/.m2/repository/io/grpc/grpc-netty-shaded/1.43.2/grpc-netty-shaded-1.43.2.jar:/Users/LucasD/.m2/repository/com/google/guava/guava/30.1.1-android/guava-30.1.1-android.jar:/Users/LucasD/.m2/repository/com/google/guava/failureaccess/1.0.1/failureaccess-1.0.1.jar:/Users/LucasD/.m2/repository/com/google/guava/listenablefuture/9999.0-empty-to-avoid-conflict-with-guava/listenablefuture-9999.0-empty-to-avoid-conflict-with-guava.jar:/Users/LucasD/.m2/repository/org/checkerframework/checker-compat-qual/2.5.5/checker-compat-qual-2.5.5.jar:/Users/LucasD/.m2/repository/com/google/errorprone/error_prone_annotations/2.9.0/error_prone_annotations-2.9.0.jar:/Users/LucasD/.m2/repository/io/perfmark/perfmark-api/0.23.0/perfmark-api-0.23.0.jar:/Users/LucasD/.m2/repository/io/grpc/grpc-core/1.43.2/grpc-core-1.43.2.jar:/Users/LucasD/.m2/repository/com/google/android/annotations/4.1.1.4/annotations-4.1.1.4.jar:/Users/LucasD/.m2/repository/org/codehaus/mojo/animal-sniffer-annotations/1.19/animal-sniffer-annotations-1.19.jar:/Users/LucasD/.m2/repository/io/grpc/grpc-protobuf/1.43.2/grpc-protobuf-1.43.2.jar:/Users/LucasD/.m2/repository/io/grpc/grpc-api/1.43.2/grpc-api-1.43.2.jar:/Users/LucasD/.m2/repository/io/grpc/grpc-context/1.43.2/grpc-context-1.43.2.jar:/Users/LucasD/.m2/repository/com/google/code/findbugs/jsr305/3.0.2/jsr305-3.0.2.jar:/Users/LucasD/.m2/repository/com/google/api/grpc/proto-google-common-protos/2.0.1/proto-google-common-protos-2.0.1.jar:/Users/LucasD/.m2/repository/io/grpc/grpc-protobuf-lite/1.43.2/grpc-protobuf-lite-1.43.2.jar:/Users/LucasD/.m2/repository/io/grpc/grpc-stub/1.43.2/grpc-stub-1.43.2.jar:/Users/LucasD/.m2/repository/com/google/protobuf/protobuf-java/3.19.2/protobuf-java-3.19.2.jar:/Users/LucasD/.m2/repository/com/google/protobuf/protobuf-java-util/3.19.2/protobuf-java-util-3.19.2.jar:/Users/LucasD/.m2/repository/com/google/j2objc/j2objc-annotations/1.3/j2objc-annotations-1.3.jar:/Users/LucasD/.m2/repository/org/bouncycastle/bcpkix-jdk15on/1.70/bcpkix-jdk15on-1.70.jar:/Users/LucasD/.m2/repository/org/bouncycastle/bcutil-jdk15on/1.70/bcutil-jdk15on-1.70.jar:/Users/LucasD/.m2/repository/commons-logging/commons-logging/1.2/commons-logging-1.2.jar:/Users/LucasD/.m2/repository/commons-cli/commons-cli/1.5.0/commons-cli-1.5.0.jar:/Users/LucasD/.m2/repository/org/apache/commons/commons-compress/1.21/commons-compress-1.21.jar:/Users/LucasD/.m2/repository/commons-io/commons-io/2.11.0/commons-io-2.11.0.jar:/Users/LucasD/.m2/repository/org/apache/logging/log4j/log4j-core/2.17.1/log4j-core-2.17.1.jar:/Users/LucasD/.m2/repository/org/apache/logging/log4j/log4j-api/2.17.1/log4j-api-2.17.1.jar:/Users/LucasD/.m2/repository/org/apache/logging/log4j/log4j-1.2-api/2.17.1/log4j-1.2-api-2.17.1.jar:/Users/LucasD/.m2/repository/org/apache/httpcomponents/httpclient/4.5.13/httpclient-4.5.13.jar:/Users/LucasD/.m2/repository/org/apache/httpcomponents/httpcore/4.4.13/httpcore-4.4.13.jar:/Users/LucasD/.m2/repository/com/spotify/futures-extra/4.3.1/futures-extra-4.3.1.jar:/Users/LucasD/.m2/repository/com/google/api/api-common/2.1.2/api-common-2.1.2.jar:/Users/LucasD/.m2/repository/com/google/auto/value/auto-value-annotations/1.9/auto-value-annotations-1.9.jar:/Users/LucasD/.m2/repository/org/glassfish/javax.json/1.1.4/javax.json-1.1.4.jar:/Users/LucasD/.m2/repository/org/miracl/milagro/amcl/milagro-crypto-java/0.4.0/milagro-crypto-java-0.4.0.jar:/Users/LucasD/.m2/repository/org/apache/commons/commons-math3/3.6.1/commons-math3-3.6.1.jar:/Users/LucasD/.m2/repository/javax/annotation/javax.annotation-api/1.3.2/javax.annotation-api-1.3.2.jar:/Users/LucasD/.m2/repository/io/opentelemetry/opentelemetry-api/1.12.0/opentelemetry-api-1.12.0.jar:/Users/LucasD/.m2/repository/io/opentelemetry/opentelemetry-context/1.12.0/opentelemetry-context-1.12.0.jar:/Users/LucasD/.m2/repository/io/opentelemetry/opentelemetry-sdk/1.12.0/opentelemetry-sdk-1.12.0.jar:/Users/LucasD/.m2/repository/io/opentelemetry/opentelemetry-sdk-common/1.12.0/opentelemetry-sdk-common-1.12.0.jar:/Users/LucasD/.m2/repository/io/opentelemetry/opentelemetry-sdk-metrics/1.12.0-alpha/opentelemetry-sdk-metrics-1.12.0-alpha.jar:/Users/LucasD/.m2/repository/io/opentelemetry/opentelemetry-sdk-logs/1.12.0-alpha/opentelemetry-sdk-logs-1.12.0-alpha.jar:/Users/LucasD/.m2/repository/io/opentelemetry/opentelemetry-sdk-trace/1.12.0/opentelemetry-sdk-trace-1.12.0.jar:/Users/LucasD/.m2/repository/io/opentelemetry/opentelemetry-semconv/1.12.0-alpha/opentelemetry-semconv-1.12.0-alpha.jar:/Users/LucasD/.m2/repository/io/opentelemetry/opentelemetry-exporter-otlp/1.12.0/opentelemetry-exporter-otlp-1.12.0.jar:/Users/LucasD/.m2/repository/io/opentelemetry/opentelemetry-exporter-otlp-trace/1.12.0/opentelemetry-exporter-otlp-trace-1.12.0.jar:/Users/LucasD/.m2/repository/io/opentelemetry/opentelemetry-exporter-otlp-common/1.12.0/opentelemetry-exporter-otlp-common-1.12.0.jar:/Users/LucasD/.m2/repository/io/opentelemetry/opentelemetry-extension-trace-propagators/1.12.0/opentelemetry-extension-trace-propagators-1.12.0.jar:/Users/LucasD/.m2/repository/io/opentelemetry/opentelemetry-sdk-extension-autoconfigure/1.12.0-alpha/opentelemetry-sdk-extension-autoconfigure-1.12.0-alpha.jar:/Users/LucasD/.m2/repository/io/opentelemetry/opentelemetry-sdk-extension-autoconfigure-spi/1.12.0/opentelemetry-sdk-extension-autoconfigure-spi-1.12.0.jar:/Users/LucasD/.m2/repository/io/opentelemetry/instrumentation/opentelemetry-grpc-1.6/1.12.0-alpha/opentelemetry-grpc-1.6-1.12.0-alpha.jar:/Users/LucasD/.m2/repository/io/opentelemetry/instrumentation/opentelemetry-instrumentation-api/1.12.0-alpha/opentelemetry-instrumentation-api-1.12.0-alpha.jar:/Users/LucasD/.m2/repository/io/opentelemetry/opentelemetry-proto/1.7.1-alpha/opentelemetry-proto-1.7.1-alpha.jar:/Users/LucasD/.m2/repository/commons-codec/commons-codec/1.14/commons-codec-1.14.jar:/Users/LucasD/.m2/repository/com/cloudant/cloudant-client/2.19.0/cloudant-client-2.19.0.jar:/Users/LucasD/.m2/repository/com/google/code/gson/gson/2.8.2/gson-2.8.2.jar:/Users/LucasD/.m2/repository/com/cloudant/cloudant-http/2.19.0/cloudant-http-2.19.0.jar:/Users/LucasD/.m2/repository/org/bouncycastle/bcprov-jdk15on/1.69/bcprov-jdk15on-1.69.jar:/Users/LucasD/.m2/repository/org/yaml/snakeyaml/1.26/snakeyaml-1.26.jar:"/>
    <property name="sun.cpu.endian" value="little"/>
    <property name="user.home" value="/Users/LucasD"/>
    <property name="user.language" value="en"/>
    <property name="java.specification.vendor" value="Oracle Corporation"/>
    <property name="java.version.date" value="2021-10-19"/>
    <property name="java.home" value="/Library/Java/JavaVirtualMachines/temurin-17.jdk/Contents/Home"/>
    <property name="file.separator" value="/"/>
    <property name="basedir" value="/Users/LucasD/Documents/Studium-München/WS2021/MA/Blockchain-Logging-Framework"/>
    <property name="java.vm.compressedOopsMode" value="Zero based"/>
    <property name="line.separator" value="&#10;"/>
    <property name="java.specification.name" value="Java Platform API Specification"/>
    <property name="java.vm.specification.vendor" value="Oracle Corporation"/>
    <property name="surefire.real.class.path" value="/Users/LucasD/Documents/Studium-München/WS2021/MA/Blockchain-Logging-Framework/target/surefire/surefirebooter6402170198274746673.jar"/>
    <property name="sun.management.compiler" value="HotSpot 64-Bit Tiered Compilers"/>
    <property name="ftp.nonProxyHosts" value="local|*.local|169.254/16|*.169.254/16"/>
    <property name="java.runtime.version" value="17.0.1+12"/>
    <property name="user.name" value="LucasD"/>
    <property name="path.separator" value=":"/>
    <property name="os.version" value="11.4"/>
    <property name="java.runtime.name" value="OpenJDK Runtime Environment"/>
    <property name="file.encoding" value="UTF-8"/>
    <property name="java.vm.name" value="OpenJDK 64-Bit Server VM"/>
    <property name="java.vendor.version" value="Temurin-17.0.1+12"/>
    <property name="localRepository" value="/Users/LucasD/.m2/repository"/>
    <property name="java.vendor.url.bug" value="https://github.com/adoptium/adoptium-support/issues"/>
    <property name="java.io.tmpdir" value="/var/folders/vh/f3kq_qrx1r1gpkkrhs1jrqkh0000gn/T/"/>
    <property name="java.version" value="17.0.1"/>
    <property name="user.dir" value="/Users/LucasD/Documents/Studium-München/WS2021/MA/Blockchain-Logging-Framework"/>
    <property name="os.arch" value="x86_64"/>
    <property name="java.vm.specification.name" value="Java Virtual Machine Specification"/>
    <property name="native.encoding" value="UTF-8"/>
    <property name="java.library.path" value="/Users/LucasD/Library/Java/Extensions:/Library/Java/Extensions:/Network/Library/Java/Extensions:/System/Library/Java/Extensions:/usr/lib/java:."/>
    <property name="java.vm.info" value="mixed mode, sharing"/>
    <property name="java.vendor" value="Eclipse Adoptium"/>
    <property name="java.vm.version" value="17.0.1+12"/>
    <property name="sun.io.unicode.encoding" value="UnicodeBig"/>
    <property name="socksNonProxyHosts" value="local|*.local|169.254/16|*.169.254/16"/>
    <property name="java.class.version" value="61.0"/>
  </properties>
  <testcase name="testComment{String}[1]" classname="blf.ValidatorSyntaxTest" time="0.004"/>
  <testcase name="testComment{String}[2]" classname="blf.ValidatorSyntaxTest" time="0.001"/>
  <testcase name="testComment{String}[3]" classname="blf.ValidatorSyntaxTest" time="0.001"/>
  <testcase name="testComment{String}[4]" classname="blf.ValidatorSyntaxTest" time="0.006"/>
  <testcase name="testComment{String}[5]" classname="blf.ValidatorSyntaxTest" time="0"/>
</testsuite>